11-05-2023 06:03:04.227 [main] INFO  m.p.s.DotenvPropertySource.addToEnvironment - Initializing Dotenv with DotenvConfig{directory=null, filename=null, ignoreIfMalformed=false, ignoreIfMissing=true, systemProperties=false, prefix=null}
11-05-2023 06:03:04.251 [main] INFO  ai.openfabric.api.Application.logStarting - Starting Application using Java 17.0.5 on DESKTOP-1GRCG39 with PID 19152 (C:\Users\johnn\Downloads\openfabric-test\openfabric-api\bin\main started by johnn in C:\Users\johnn\Downloads\openfabric-test\openfabric-api)
11-05-2023 06:03:04.253 [main] INFO  ai.openfabric.api.Application.logStartupProfileInfo - The following 2 profiles are active: "base", "local"
11-05-2023 06:03:05.285 [main] INFO  o.s.d.r.c.RepositoryConfigurationDelegate.registerRepositoriesIn - Bootstrapping Spring Data JPA repositories in DEFAULT mode.
11-05-2023 06:03:05.352 [main] INFO  o.s.d.r.c.RepositoryConfigurationDelegate.registerRepositoriesIn - Finished Spring Data repository scanning in 55 ms. Found 1 JPA repository interfaces.
11-05-2023 06:03:06.326 [main] INFO  o.s.b.w.e.tomcat.TomcatWebServer.initialize - Tomcat initialized with port(s): 8080 (http)
11-05-2023 06:03:06.328 [main] INFO  o.a.c.core.AprLifecycleListener.log - Loaded Apache Tomcat Native library [1.2.35] using APR version [1.7.0].
11-05-2023 06:03:06.328 [main] INFO  o.a.c.core.AprLifecycleListener.log - APR capabilities: IPv6 [true], sendfile [true], accept filters [false], random [true], UDS [true].
11-05-2023 06:03:06.329 [main] INFO  o.a.c.core.AprLifecycleListener.log - APR/OpenSSL configuration: useAprConnector [false], useOpenSSL [true]
11-05-2023 06:03:06.335 [main] INFO  o.a.c.core.AprLifecycleListener.log - OpenSSL successfully initialized [OpenSSL 1.1.1q  5 Jul 2022]
11-05-2023 06:03:06.346 [main] INFO  o.a.coyote.http11.Http11NioProtocol.log - Initializing ProtocolHandler ["http-nio-8080"]
11-05-2023 06:03:06.347 [main] INFO  o.a.catalina.core.StandardService.log - Starting service [Tomcat]
11-05-2023 06:03:06.348 [main] INFO  o.a.catalina.core.StandardEngine.log - Starting Servlet engine: [Apache Tomcat/9.0.68]
11-05-2023 06:03:06.490 [main] INFO  o.a.c.c.C.[Tomcat].[localhost].[/].log - Initializing Spring embedded WebApplicationContext
11-05-2023 06:03:06.491 [main] INFO  o.s.b.w.s.c.ServletWebServerApplicationContext.prepareWebApplicationContext - Root WebApplicationContext: initialization completed in 2183 ms
11-05-2023 06:03:06.663 [main] INFO  com.zaxxer.hikari.HikariDataSource.getConnection - HikariPool-1 - Starting...
11-05-2023 06:03:07.719 [main] ERROR com.zaxxer.hikari.pool.HikariPool.throwPoolInitializationException - HikariPool-1 - Exception during pool initialization.
org.postgresql.util.PSQLException: Connection to 127.0.0.1:5432 refused. Check that the hostname and port are correct and that the postmaster is accepting TCP/IP connections.
	at org.postgresql.core.v3.ConnectionFactoryImpl.openConnectionImpl(ConnectionFactoryImpl.java:319)
	at org.postgresql.core.ConnectionFactory.openConnection(ConnectionFactory.java:49)
	at org.postgresql.jdbc.PgConnection.<init>(PgConnection.java:247)
	at org.postgresql.Driver.makeConnection(Driver.java:434)
	at org.postgresql.Driver.connect(Driver.java:291)
	at com.zaxxer.hikari.util.DriverDataSource.getConnection(DriverDataSource.java:138)
	at com.zaxxer.hikari.pool.PoolBase.newConnection(PoolBase.java:364)
	at com.zaxxer.hikari.pool.PoolBase.newPoolEntry(PoolBase.java:206)
	at com.zaxxer.hikari.pool.HikariPool.createPoolEntry(HikariPool.java:476)
	at com.zaxxer.hikari.pool.HikariPool.checkFailFast(HikariPool.java:561)
	at com.zaxxer.hikari.pool.HikariPool.<init>(HikariPool.java:115)
	at com.zaxxer.hikari.HikariDataSource.getConnection(HikariDataSource.java:112)
	at liquibase.integration.spring.SpringLiquibase.afterPropertiesSet(SpringLiquibase.java:280)
	at org.springframework.beans.factory.support.AbstractAutowireCapableBeanFactory.invokeInitMethods(AbstractAutowireCapableBeanFactory.java:1863)
	at org.springframework.beans.factory.support.AbstractAutowireCapableBeanFactory.initializeBean(AbstractAutowireCapableBeanFactory.java:1800)
	at org.springframework.beans.factory.support.AbstractAutowireCapableBeanFactory.doCreateBean(AbstractAutowireCapableBeanFactory.java:620)
	at org.springframework.beans.factory.support.AbstractAutowireCapableBeanFactory.createBean(AbstractAutowireCapableBeanFactory.java:542)
	at org.springframework.beans.factory.support.AbstractBeanFactory.lambda$doGetBean$0(AbstractBeanFactory.java:335)
	at org.springframework.beans.factory.support.DefaultSingletonBeanRegistry.getSingleton(DefaultSingletonBeanRegistry.java:234)
	at org.springframework.beans.factory.support.AbstractBeanFactory.doGetBean(AbstractBeanFactory.java:333)
	at org.springframework.beans.factory.support.AbstractBeanFactory.getBean(AbstractBeanFactory.java:208)
	at org.springframework.beans.factory.support.AbstractBeanFactory.doGetBean(AbstractBeanFactory.java:322)
	at org.springframework.beans.factory.support.AbstractBeanFactory.getBean(AbstractBeanFactory.java:208)
	at org.springframework.context.support.AbstractApplicationContext.getBean(AbstractApplicationContext.java:1154)
	at org.springframework.context.support.AbstractApplicationContext.finishBeanFactoryInitialization(AbstractApplicationContext.java:908)
	at org.springframework.context.support.AbstractApplicationContext.refresh(AbstractApplicationContext.java:583)
	at org.springframework.boot.web.servlet.context.ServletWebServerApplicationContext.refresh(ServletWebServerApplicationContext.java:147)
	at org.springframework.boot.SpringApplication.refresh(SpringApplication.java:734)
	at org.springframework.boot.SpringApplication.refreshContext(SpringApplication.java:408)
	at org.springframework.boot.SpringApplication.run(SpringApplication.java:308)
	at org.springframework.boot.SpringApplication.run(SpringApplication.java:1306)
	at org.springframework.boot.SpringApplication.run(SpringApplication.java:1295)
	at ai.openfabric.api.Application.main(Application.java:13)
Caused by: java.net.ConnectException: Connection refused: no further information
	at java.base/sun.nio.ch.Net.pollConnect(Native Method)
	at java.base/sun.nio.ch.Net.pollConnectNow(Net.java:672)
	at java.base/sun.nio.ch.NioSocketImpl.timedFinishConnect(NioSocketImpl.java:542)
	at java.base/sun.nio.ch.NioSocketImpl.connect(NioSocketImpl.java:597)
	at java.base/java.net.SocksSocketImpl.connect(SocksSocketImpl.java:327)
	at java.base/java.net.Socket.connect(Socket.java:633)
	at org.postgresql.core.PGStream.createSocket(PGStream.java:241)
	at org.postgresql.core.PGStream.<init>(PGStream.java:98)
	at org.postgresql.core.v3.ConnectionFactoryImpl.tryConnect(ConnectionFactoryImpl.java:109)
	at org.postgresql.core.v3.ConnectionFactoryImpl.openConnectionImpl(ConnectionFactoryImpl.java:235)
	... 32 common frames omitted
11-05-2023 06:03:07.725 [main] WARN  o.s.b.w.s.c.AnnotationConfigServletWebServerApplicationContext.refresh - Exception encountered during context initialization - cancelling refresh attempt: org.springframework.beans.factory.BeanCreationException: Error creating bean with name 'liquibase' defined in class path resource [org/springframework/boot/autoconfigure/liquibase/LiquibaseAutoConfiguration$LiquibaseConfiguration.class]: Invocation of init method failed; nested exception is liquibase.exception.DatabaseException: org.postgresql.util.PSQLException: Connection to 127.0.0.1:5432 refused. Check that the hostname and port are correct and that the postmaster is accepting TCP/IP connections.
11-05-2023 06:03:07.729 [main] INFO  o.a.catalina.core.StandardService.log - Stopping service [Tomcat]
11-05-2023 06:03:07.740 [main] INFO  o.s.b.a.l.ConditionEvaluationReportLoggingListener.logMessage - 

Error starting ApplicationContext. To display the conditions report re-run your application with 'debug' enabled.
11-05-2023 06:03:07.758 [main] ERROR o.s.boot.SpringApplication.reportFailure - Application run failed
org.springframework.beans.factory.BeanCreationException: Error creating bean with name 'liquibase' defined in class path resource [org/springframework/boot/autoconfigure/liquibase/LiquibaseAutoConfiguration$LiquibaseConfiguration.class]: Invocation of init method failed; nested exception is liquibase.exception.DatabaseException: org.postgresql.util.PSQLException: Connection to 127.0.0.1:5432 refused. Check that the hostname and port are correct and that the postmaster is accepting TCP/IP connections.
	at org.springframework.beans.factory.support.AbstractAutowireCapableBeanFactory.initializeBean(AbstractAutowireCapableBeanFactory.java:1804)
	at org.springframework.beans.factory.support.AbstractAutowireCapableBeanFactory.doCreateBean(AbstractAutowireCapableBeanFactory.java:620)
	at org.springframework.beans.factory.support.AbstractAutowireCapableBeanFactory.createBean(AbstractAutowireCapableBeanFactory.java:542)
	at org.springframework.beans.factory.support.AbstractBeanFactory.lambda$doGetBean$0(AbstractBeanFactory.java:335)
	at org.springframework.beans.factory.support.DefaultSingletonBeanRegistry.getSingleton(DefaultSingletonBeanRegistry.java:234)
	at org.springframework.beans.factory.support.AbstractBeanFactory.doGetBean(AbstractBeanFactory.java:333)
	at org.springframework.beans.factory.support.AbstractBeanFactory.getBean(AbstractBeanFactory.java:208)
	at org.springframework.beans.factory.support.AbstractBeanFactory.doGetBean(AbstractBeanFactory.java:322)
	at org.springframework.beans.factory.support.AbstractBeanFactory.getBean(AbstractBeanFactory.java:208)
	at org.springframework.context.support.AbstractApplicationContext.getBean(AbstractApplicationContext.java:1154)
	at org.springframework.context.support.AbstractApplicationContext.finishBeanFactoryInitialization(AbstractApplicationContext.java:908)
	at org.springframework.context.support.AbstractApplicationContext.refresh(AbstractApplicationContext.java:583)
	at org.springframework.boot.web.servlet.context.ServletWebServerApplicationContext.refresh(ServletWebServerApplicationContext.java:147)
	at org.springframework.boot.SpringApplication.refresh(SpringApplication.java:734)
	at org.springframework.boot.SpringApplication.refreshContext(SpringApplication.java:408)
	at org.springframework.boot.SpringApplication.run(SpringApplication.java:308)
	at org.springframework.boot.SpringApplication.run(SpringApplication.java:1306)
	at org.springframework.boot.SpringApplication.run(SpringApplication.java:1295)
	at ai.openfabric.api.Application.main(Application.java:13)
Caused by: liquibase.exception.DatabaseException: org.postgresql.util.PSQLException: Connection to 127.0.0.1:5432 refused. Check that the hostname and port are correct and that the postmaster is accepting TCP/IP connections.
	at liquibase.integration.spring.SpringLiquibase.afterPropertiesSet(SpringLiquibase.java:285)
	at org.springframework.beans.factory.support.AbstractAutowireCapableBeanFactory.invokeInitMethods(AbstractAutowireCapableBeanFactory.java:1863)
	at org.springframework.beans.factory.support.AbstractAutowireCapableBeanFactory.initializeBean(AbstractAutowireCapableBeanFactory.java:1800)
	... 18 common frames omitted
Caused by: org.postgresql.util.PSQLException: Connection to 127.0.0.1:5432 refused. Check that the hostname and port are correct and that the postmaster is accepting TCP/IP connections.
	at org.postgresql.core.v3.ConnectionFactoryImpl.openConnectionImpl(ConnectionFactoryImpl.java:319)
	at org.postgresql.core.ConnectionFactory.openConnection(ConnectionFactory.java:49)
	at org.postgresql.jdbc.PgConnection.<init>(PgConnection.java:247)
	at org.postgresql.Driver.makeConnection(Driver.java:434)
	at org.postgresql.Driver.connect(Driver.java:291)
	at com.zaxxer.hikari.util.DriverDataSource.getConnection(DriverDataSource.java:138)
	at com.zaxxer.hikari.pool.PoolBase.newConnection(PoolBase.java:364)
	at com.zaxxer.hikari.pool.PoolBase.newPoolEntry(PoolBase.java:206)
	at com.zaxxer.hikari.pool.HikariPool.createPoolEntry(HikariPool.java:476)
	at com.zaxxer.hikari.pool.HikariPool.checkFailFast(HikariPool.java:561)
	at com.zaxxer.hikari.pool.HikariPool.<init>(HikariPool.java:115)
	at com.zaxxer.hikari.HikariDataSource.getConnection(HikariDataSource.java:112)
	at liquibase.integration.spring.SpringLiquibase.afterPropertiesSet(SpringLiquibase.java:280)
	... 20 common frames omitted
Caused by: java.net.ConnectException: Connection refused: no further information
	at java.base/sun.nio.ch.Net.pollConnect(Native Method)
	at java.base/sun.nio.ch.Net.pollConnectNow(Net.java:672)
	at java.base/sun.nio.ch.NioSocketImpl.timedFinishConnect(NioSocketImpl.java:542)
	at java.base/sun.nio.ch.NioSocketImpl.connect(NioSocketImpl.java:597)
	at java.base/java.net.SocksSocketImpl.connect(SocksSocketImpl.java:327)
	at java.base/java.net.Socket.connect(Socket.java:633)
	at org.postgresql.core.PGStream.createSocket(PGStream.java:241)
	at org.postgresql.core.PGStream.<init>(PGStream.java:98)
	at org.postgresql.core.v3.ConnectionFactoryImpl.tryConnect(ConnectionFactoryImpl.java:109)
	at org.postgresql.core.v3.ConnectionFactoryImpl.openConnectionImpl(ConnectionFactoryImpl.java:235)
	... 32 common frames omitted
11-05-2023 23:10:47.104 [main] INFO  m.p.s.DotenvPropertySource.addToEnvironment - Initializing Dotenv with DotenvConfig{directory=null, filename=null, ignoreIfMalformed=false, ignoreIfMissing=true, systemProperties=false, prefix=null}
11-05-2023 23:10:47.134 [main] INFO  ai.openfabric.api.Application.logStarting - Starting Application using Java 17.0.5 on DESKTOP-1GRCG39 with PID 3956 (C:\Users\johnn\Downloads\openfabric-test\openfabric-api\bin\main started by johnn in C:\Users\johnn\Downloads\openfabric-test\openfabric-api)
11-05-2023 23:10:47.135 [main] INFO  ai.openfabric.api.Application.logStartupProfileInfo - The following 2 profiles are active: "base", "local"
11-05-2023 23:10:48.136 [main] INFO  o.s.d.r.c.RepositoryConfigurationDelegate.registerRepositoriesIn - Bootstrapping Spring Data JPA repositories in DEFAULT mode.
11-05-2023 23:10:48.200 [main] INFO  o.s.d.r.c.RepositoryConfigurationDelegate.registerRepositoriesIn - Finished Spring Data repository scanning in 55 ms. Found 1 JPA repository interfaces.
11-05-2023 23:10:49.105 [main] INFO  o.s.b.w.e.tomcat.TomcatWebServer.initialize - Tomcat initialized with port(s): 8080 (http)
11-05-2023 23:10:49.107 [main] INFO  o.a.c.core.AprLifecycleListener.log - Loaded Apache Tomcat Native library [1.2.35] using APR version [1.7.0].
11-05-2023 23:10:49.108 [main] INFO  o.a.c.core.AprLifecycleListener.log - APR capabilities: IPv6 [true], sendfile [true], accept filters [false], random [true], UDS [true].
11-05-2023 23:10:49.109 [main] INFO  o.a.c.core.AprLifecycleListener.log - APR/OpenSSL configuration: useAprConnector [false], useOpenSSL [true]
11-05-2023 23:10:49.116 [main] INFO  o.a.c.core.AprLifecycleListener.log - OpenSSL successfully initialized [OpenSSL 1.1.1q  5 Jul 2022]
11-05-2023 23:10:49.135 [main] INFO  o.a.coyote.http11.Http11NioProtocol.log - Initializing ProtocolHandler ["http-nio-8080"]
11-05-2023 23:10:49.141 [main] INFO  o.a.catalina.core.StandardService.log - Starting service [Tomcat]
11-05-2023 23:10:49.142 [main] INFO  o.a.catalina.core.StandardEngine.log - Starting Servlet engine: [Apache Tomcat/9.0.68]
11-05-2023 23:10:49.311 [main] INFO  o.a.c.c.C.[Tomcat].[localhost].[/].log - Initializing Spring embedded WebApplicationContext
11-05-2023 23:10:49.312 [main] INFO  o.s.b.w.s.c.ServletWebServerApplicationContext.prepareWebApplicationContext - Root WebApplicationContext: initialization completed in 2123 ms
11-05-2023 23:10:49.485 [main] INFO  com.zaxxer.hikari.HikariDataSource.getConnection - HikariPool-1 - Starting...
11-05-2023 23:10:50.552 [main] ERROR com.zaxxer.hikari.pool.HikariPool.throwPoolInitializationException - HikariPool-1 - Exception during pool initialization.
org.postgresql.util.PSQLException: Connection to 127.0.0.1:5432 refused. Check that the hostname and port are correct and that the postmaster is accepting TCP/IP connections.
	at org.postgresql.core.v3.ConnectionFactoryImpl.openConnectionImpl(ConnectionFactoryImpl.java:319)
	at org.postgresql.core.ConnectionFactory.openConnection(ConnectionFactory.java:49)
	at org.postgresql.jdbc.PgConnection.<init>(PgConnection.java:247)
	at org.postgresql.Driver.makeConnection(Driver.java:434)
	at org.postgresql.Driver.connect(Driver.java:291)
	at com.zaxxer.hikari.util.DriverDataSource.getConnection(DriverDataSource.java:138)
	at com.zaxxer.hikari.pool.PoolBase.newConnection(PoolBase.java:364)
	at com.zaxxer.hikari.pool.PoolBase.newPoolEntry(PoolBase.java:206)
	at com.zaxxer.hikari.pool.HikariPool.createPoolEntry(HikariPool.java:476)
	at com.zaxxer.hikari.pool.HikariPool.checkFailFast(HikariPool.java:561)
	at com.zaxxer.hikari.pool.HikariPool.<init>(HikariPool.java:115)
	at com.zaxxer.hikari.HikariDataSource.getConnection(HikariDataSource.java:112)
	at liquibase.integration.spring.SpringLiquibase.afterPropertiesSet(SpringLiquibase.java:280)
	at org.springframework.beans.factory.support.AbstractAutowireCapableBeanFactory.invokeInitMethods(AbstractAutowireCapableBeanFactory.java:1863)
	at org.springframework.beans.factory.support.AbstractAutowireCapableBeanFactory.initializeBean(AbstractAutowireCapableBeanFactory.java:1800)
	at org.springframework.beans.factory.support.AbstractAutowireCapableBeanFactory.doCreateBean(AbstractAutowireCapableBeanFactory.java:620)
	at org.springframework.beans.factory.support.AbstractAutowireCapableBeanFactory.createBean(AbstractAutowireCapableBeanFactory.java:542)
	at org.springframework.beans.factory.support.AbstractBeanFactory.lambda$doGetBean$0(AbstractBeanFactory.java:335)
	at org.springframework.beans.factory.support.DefaultSingletonBeanRegistry.getSingleton(DefaultSingletonBeanRegistry.java:234)
	at org.springframework.beans.factory.support.AbstractBeanFactory.doGetBean(AbstractBeanFactory.java:333)
	at org.springframework.beans.factory.support.AbstractBeanFactory.getBean(AbstractBeanFactory.java:208)
	at org.springframework.beans.factory.support.AbstractBeanFactory.doGetBean(AbstractBeanFactory.java:322)
	at org.springframework.beans.factory.support.AbstractBeanFactory.getBean(AbstractBeanFactory.java:208)
	at org.springframework.context.support.AbstractApplicationContext.getBean(AbstractApplicationContext.java:1154)
	at org.springframework.context.support.AbstractApplicationContext.finishBeanFactoryInitialization(AbstractApplicationContext.java:908)
	at org.springframework.context.support.AbstractApplicationContext.refresh(AbstractApplicationContext.java:583)
	at org.springframework.boot.web.servlet.context.ServletWebServerApplicationContext.refresh(ServletWebServerApplicationContext.java:147)
	at org.springframework.boot.SpringApplication.refresh(SpringApplication.java:734)
	at org.springframework.boot.SpringApplication.refreshContext(SpringApplication.java:408)
	at org.springframework.boot.SpringApplication.run(SpringApplication.java:308)
	at org.springframework.boot.SpringApplication.run(SpringApplication.java:1306)
	at org.springframework.boot.SpringApplication.run(SpringApplication.java:1295)
	at ai.openfabric.api.Application.main(Application.java:13)
Caused by: java.net.ConnectException: Connection refused: no further information
	at java.base/sun.nio.ch.Net.pollConnect(Native Method)
	at java.base/sun.nio.ch.Net.pollConnectNow(Net.java:672)
	at java.base/sun.nio.ch.NioSocketImpl.timedFinishConnect(NioSocketImpl.java:542)
	at java.base/sun.nio.ch.NioSocketImpl.connect(NioSocketImpl.java:597)
	at java.base/java.net.SocksSocketImpl.connect(SocksSocketImpl.java:327)
	at java.base/java.net.Socket.connect(Socket.java:633)
	at org.postgresql.core.PGStream.createSocket(PGStream.java:241)
	at org.postgresql.core.PGStream.<init>(PGStream.java:98)
	at org.postgresql.core.v3.ConnectionFactoryImpl.tryConnect(ConnectionFactoryImpl.java:109)
	at org.postgresql.core.v3.ConnectionFactoryImpl.openConnectionImpl(ConnectionFactoryImpl.java:235)
	... 32 common frames omitted
11-05-2023 23:10:50.560 [main] WARN  o.s.b.w.s.c.AnnotationConfigServletWebServerApplicationContext.refresh - Exception encountered during context initialization - cancelling refresh attempt: org.springframework.beans.factory.BeanCreationException: Error creating bean with name 'liquibase' defined in class path resource [org/springframework/boot/autoconfigure/liquibase/LiquibaseAutoConfiguration$LiquibaseConfiguration.class]: Invocation of init method failed; nested exception is liquibase.exception.DatabaseException: org.postgresql.util.PSQLException: Connection to 127.0.0.1:5432 refused. Check that the hostname and port are correct and that the postmaster is accepting TCP/IP connections.
11-05-2023 23:10:50.565 [main] INFO  o.a.catalina.core.StandardService.log - Stopping service [Tomcat]
11-05-2023 23:10:50.577 [main] INFO  o.s.b.a.l.ConditionEvaluationReportLoggingListener.logMessage - 

Error starting ApplicationContext. To display the conditions report re-run your application with 'debug' enabled.
11-05-2023 23:10:50.595 [main] ERROR o.s.boot.SpringApplication.reportFailure - Application run failed
org.springframework.beans.factory.BeanCreationException: Error creating bean with name 'liquibase' defined in class path resource [org/springframework/boot/autoconfigure/liquibase/LiquibaseAutoConfiguration$LiquibaseConfiguration.class]: Invocation of init method failed; nested exception is liquibase.exception.DatabaseException: org.postgresql.util.PSQLException: Connection to 127.0.0.1:5432 refused. Check that the hostname and port are correct and that the postmaster is accepting TCP/IP connections.
	at org.springframework.beans.factory.support.AbstractAutowireCapableBeanFactory.initializeBean(AbstractAutowireCapableBeanFactory.java:1804)
	at org.springframework.beans.factory.support.AbstractAutowireCapableBeanFactory.doCreateBean(AbstractAutowireCapableBeanFactory.java:620)
	at org.springframework.beans.factory.support.AbstractAutowireCapableBeanFactory.createBean(AbstractAutowireCapableBeanFactory.java:542)
	at org.springframework.beans.factory.support.AbstractBeanFactory.lambda$doGetBean$0(AbstractBeanFactory.java:335)
	at org.springframework.beans.factory.support.DefaultSingletonBeanRegistry.getSingleton(DefaultSingletonBeanRegistry.java:234)
	at org.springframework.beans.factory.support.AbstractBeanFactory.doGetBean(AbstractBeanFactory.java:333)
	at org.springframework.beans.factory.support.AbstractBeanFactory.getBean(AbstractBeanFactory.java:208)
	at org.springframework.beans.factory.support.AbstractBeanFactory.doGetBean(AbstractBeanFactory.java:322)
	at org.springframework.beans.factory.support.AbstractBeanFactory.getBean(AbstractBeanFactory.java:208)
	at org.springframework.context.support.AbstractApplicationContext.getBean(AbstractApplicationContext.java:1154)
	at org.springframework.context.support.AbstractApplicationContext.finishBeanFactoryInitialization(AbstractApplicationContext.java:908)
	at org.springframework.context.support.AbstractApplicationContext.refresh(AbstractApplicationContext.java:583)
	at org.springframework.boot.web.servlet.context.ServletWebServerApplicationContext.refresh(ServletWebServerApplicationContext.java:147)
	at org.springframework.boot.SpringApplication.refresh(SpringApplication.java:734)
	at org.springframework.boot.SpringApplication.refreshContext(SpringApplication.java:408)
	at org.springframework.boot.SpringApplication.run(SpringApplication.java:308)
	at org.springframework.boot.SpringApplication.run(SpringApplication.java:1306)
	at org.springframework.boot.SpringApplication.run(SpringApplication.java:1295)
	at ai.openfabric.api.Application.main(Application.java:13)
Caused by: liquibase.exception.DatabaseException: org.postgresql.util.PSQLException: Connection to 127.0.0.1:5432 refused. Check that the hostname and port are correct and that the postmaster is accepting TCP/IP connections.
	at liquibase.integration.spring.SpringLiquibase.afterPropertiesSet(SpringLiquibase.java:285)
	at org.springframework.beans.factory.support.AbstractAutowireCapableBeanFactory.invokeInitMethods(AbstractAutowireCapableBeanFactory.java:1863)
	at org.springframework.beans.factory.support.AbstractAutowireCapableBeanFactory.initializeBean(AbstractAutowireCapableBeanFactory.java:1800)
	... 18 common frames omitted
Caused by: org.postgresql.util.PSQLException: Connection to 127.0.0.1:5432 refused. Check that the hostname and port are correct and that the postmaster is accepting TCP/IP connections.
	at org.postgresql.core.v3.ConnectionFactoryImpl.openConnectionImpl(ConnectionFactoryImpl.java:319)
	at org.postgresql.core.ConnectionFactory.openConnection(ConnectionFactory.java:49)
	at org.postgresql.jdbc.PgConnection.<init>(PgConnection.java:247)
	at org.postgresql.Driver.makeConnection(Driver.java:434)
	at org.postgresql.Driver.connect(Driver.java:291)
	at com.zaxxer.hikari.util.DriverDataSource.getConnection(DriverDataSource.java:138)
	at com.zaxxer.hikari.pool.PoolBase.newConnection(PoolBase.java:364)
	at com.zaxxer.hikari.pool.PoolBase.newPoolEntry(PoolBase.java:206)
	at com.zaxxer.hikari.pool.HikariPool.createPoolEntry(HikariPool.java:476)
	at com.zaxxer.hikari.pool.HikariPool.checkFailFast(HikariPool.java:561)
	at com.zaxxer.hikari.pool.HikariPool.<init>(HikariPool.java:115)
	at com.zaxxer.hikari.HikariDataSource.getConnection(HikariDataSource.java:112)
	at liquibase.integration.spring.SpringLiquibase.afterPropertiesSet(SpringLiquibase.java:280)
	... 20 common frames omitted
Caused by: java.net.ConnectException: Connection refused: no further information
	at java.base/sun.nio.ch.Net.pollConnect(Native Method)
	at java.base/sun.nio.ch.Net.pollConnectNow(Net.java:672)
	at java.base/sun.nio.ch.NioSocketImpl.timedFinishConnect(NioSocketImpl.java:542)
	at java.base/sun.nio.ch.NioSocketImpl.connect(NioSocketImpl.java:597)
	at java.base/java.net.SocksSocketImpl.connect(SocksSocketImpl.java:327)
	at java.base/java.net.Socket.connect(Socket.java:633)
	at org.postgresql.core.PGStream.createSocket(PGStream.java:241)
	at org.postgresql.core.PGStream.<init>(PGStream.java:98)
	at org.postgresql.core.v3.ConnectionFactoryImpl.tryConnect(ConnectionFactoryImpl.java:109)
	at org.postgresql.core.v3.ConnectionFactoryImpl.openConnectionImpl(ConnectionFactoryImpl.java:235)
	... 32 common frames omitted
12-05-2023 05:53:33.438 [main] INFO  m.p.s.DotenvPropertySource.addToEnvironment - Initializing Dotenv with DotenvConfig{directory=null, filename=null, ignoreIfMalformed=false, ignoreIfMissing=true, systemProperties=false, prefix=null}
12-05-2023 05:53:33.461 [main] INFO  ai.openfabric.api.Application.logStarting - Starting Application using Java 17.0.5 on DESKTOP-1GRCG39 with PID 9100 (C:\Users\johnn\Downloads\openfabric-test\openfabric-api\bin\main started by johnn in C:\Users\johnn\Downloads\openfabric-test\openfabric-api)
12-05-2023 05:53:33.462 [main] INFO  ai.openfabric.api.Application.logStartupProfileInfo - The following 2 profiles are active: "base", "local"
12-05-2023 05:53:34.496 [main] INFO  o.s.d.r.c.RepositoryConfigurationDelegate.registerRepositoriesIn - Bootstrapping Spring Data JPA repositories in DEFAULT mode.
12-05-2023 05:53:34.561 [main] INFO  o.s.d.r.c.RepositoryConfigurationDelegate.registerRepositoriesIn - Finished Spring Data repository scanning in 54 ms. Found 1 JPA repository interfaces.
12-05-2023 05:53:35.569 [main] INFO  o.s.b.w.e.tomcat.TomcatWebServer.initialize - Tomcat initialized with port(s): 8080 (http)
12-05-2023 05:53:35.571 [main] INFO  o.a.c.core.AprLifecycleListener.log - Loaded Apache Tomcat Native library [1.2.35] using APR version [1.7.0].
12-05-2023 05:53:35.572 [main] INFO  o.a.c.core.AprLifecycleListener.log - APR capabilities: IPv6 [true], sendfile [true], accept filters [false], random [true], UDS [true].
12-05-2023 05:53:35.573 [main] INFO  o.a.c.core.AprLifecycleListener.log - APR/OpenSSL configuration: useAprConnector [false], useOpenSSL [true]
12-05-2023 05:53:35.581 [main] INFO  o.a.c.core.AprLifecycleListener.log - OpenSSL successfully initialized [OpenSSL 1.1.1q  5 Jul 2022]
12-05-2023 05:53:35.594 [main] INFO  o.a.coyote.http11.Http11NioProtocol.log - Initializing ProtocolHandler ["http-nio-8080"]
12-05-2023 05:53:35.595 [main] INFO  o.a.catalina.core.StandardService.log - Starting service [Tomcat]
12-05-2023 05:53:35.595 [main] INFO  o.a.catalina.core.StandardEngine.log - Starting Servlet engine: [Apache Tomcat/9.0.68]
12-05-2023 05:53:35.766 [main] INFO  o.a.c.c.C.[Tomcat].[localhost].[/].log - Initializing Spring embedded WebApplicationContext
12-05-2023 05:53:35.767 [main] INFO  o.s.b.w.s.c.ServletWebServerApplicationContext.prepareWebApplicationContext - Root WebApplicationContext: initialization completed in 2241 ms
12-05-2023 05:53:35.958 [main] INFO  com.zaxxer.hikari.HikariDataSource.getConnection - HikariPool-1 - Starting...
12-05-2023 05:53:36.183 [main] INFO  com.zaxxer.hikari.HikariDataSource.getConnection - HikariPool-1 - Start completed.
12-05-2023 05:53:36.349 [main] INFO  liquibase.database.log - Set default schema name to public
12-05-2023 05:53:36.514 [main] INFO  liquibase.lockservice.log - Successfully acquired change log lock
12-05-2023 05:53:36.917 [main] INFO  liquibase.changelog.log - Creating database history table with name: public.databasechangelog
12-05-2023 05:53:36.932 [main] INFO  liquibase.changelog.log - Reading from public.databasechangelog
12-05-2023 05:53:37.056 [main] INFO  liquibase.changelog.log - Custom SQL executed
12-05-2023 05:53:37.060 [main] INFO  liquibase.changelog.log - ChangeSet db/changelog/table-schema.xml::EXTENSION::andrei ran successfully in 27ms
12-05-2023 05:53:37.074 [main] INFO  liquibase.changelog.log - Custom SQL executed
12-05-2023 05:53:37.077 [main] INFO  liquibase.changelog.log - ChangeSet db/changelog/table-schema.xml::SEQUENCE::andrei ran successfully in 9ms
12-05-2023 05:53:37.097 [main] INFO  liquibase.lockservice.log - Successfully released change log lock
12-05-2023 05:53:37.102 [main] WARN  o.s.b.w.s.c.AnnotationConfigServletWebServerApplicationContext.refresh - Exception encountered during context initialization - cancelling refresh attempt: org.springframework.beans.factory.BeanCreationException: Error creating bean with name 'liquibase' defined in class path resource [org/springframework/boot/autoconfigure/liquibase/LiquibaseAutoConfiguration$LiquibaseConfiguration.class]: Invocation of init method failed; nested exception is liquibase.exception.LiquibaseException: liquibase.exception.MigrationFailedException: Migration failed for changeset db/changelog/table-schema.xml::WO_01::andrei:
     Reason: liquibase.exception.DatabaseException: ERROR: relation "worker" already exists [Failed SQL: (0) CREATE TABLE public.worker (id CHAR(36) DEFAULT uuid_generate_v4() NOT NULL, name VARCHAR(255), created_at TIMESTAMP WITHOUT TIME ZONE, updated_at TIMESTAMP WITHOUT TIME ZONE, deleted_at TIMESTAMP WITHOUT TIME ZONE, CONSTRAINT worker_pkey PRIMARY KEY (id))]
12-05-2023 05:53:37.103 [main] INFO  com.zaxxer.hikari.HikariDataSource.close - HikariPool-1 - Shutdown initiated...
12-05-2023 05:53:37.108 [main] INFO  com.zaxxer.hikari.HikariDataSource.close - HikariPool-1 - Shutdown completed.
12-05-2023 05:53:37.114 [main] INFO  o.a.catalina.core.StandardService.log - Stopping service [Tomcat]
12-05-2023 05:53:37.125 [main] INFO  o.s.b.a.l.ConditionEvaluationReportLoggingListener.logMessage - 

Error starting ApplicationContext. To display the conditions report re-run your application with 'debug' enabled.
12-05-2023 05:53:37.147 [main] ERROR o.s.boot.SpringApplication.reportFailure - Application run failed
org.springframework.beans.factory.BeanCreationException: Error creating bean with name 'liquibase' defined in class path resource [org/springframework/boot/autoconfigure/liquibase/LiquibaseAutoConfiguration$LiquibaseConfiguration.class]: Invocation of init method failed; nested exception is liquibase.exception.LiquibaseException: liquibase.exception.MigrationFailedException: Migration failed for changeset db/changelog/table-schema.xml::WO_01::andrei:
     Reason: liquibase.exception.DatabaseException: ERROR: relation "worker" already exists [Failed SQL: (0) CREATE TABLE public.worker (id CHAR(36) DEFAULT uuid_generate_v4() NOT NULL, name VARCHAR(255), created_at TIMESTAMP WITHOUT TIME ZONE, updated_at TIMESTAMP WITHOUT TIME ZONE, deleted_at TIMESTAMP WITHOUT TIME ZONE, CONSTRAINT worker_pkey PRIMARY KEY (id))]
	at org.springframework.beans.factory.support.AbstractAutowireCapableBeanFactory.initializeBean(AbstractAutowireCapableBeanFactory.java:1804)
	at org.springframework.beans.factory.support.AbstractAutowireCapableBeanFactory.doCreateBean(AbstractAutowireCapableBeanFactory.java:620)
	at org.springframework.beans.factory.support.AbstractAutowireCapableBeanFactory.createBean(AbstractAutowireCapableBeanFactory.java:542)
	at org.springframework.beans.factory.support.AbstractBeanFactory.lambda$doGetBean$0(AbstractBeanFactory.java:335)
	at org.springframework.beans.factory.support.DefaultSingletonBeanRegistry.getSingleton(DefaultSingletonBeanRegistry.java:234)
	at org.springframework.beans.factory.support.AbstractBeanFactory.doGetBean(AbstractBeanFactory.java:333)
	at org.springframework.beans.factory.support.AbstractBeanFactory.getBean(AbstractBeanFactory.java:208)
	at org.springframework.beans.factory.support.AbstractBeanFactory.doGetBean(AbstractBeanFactory.java:322)
	at org.springframework.beans.factory.support.AbstractBeanFactory.getBean(AbstractBeanFactory.java:208)
	at org.springframework.context.support.AbstractApplicationContext.getBean(AbstractApplicationContext.java:1154)
	at org.springframework.context.support.AbstractApplicationContext.finishBeanFactoryInitialization(AbstractApplicationContext.java:908)
	at org.springframework.context.support.AbstractApplicationContext.refresh(AbstractApplicationContext.java:583)
	at org.springframework.boot.web.servlet.context.ServletWebServerApplicationContext.refresh(ServletWebServerApplicationContext.java:147)
	at org.springframework.boot.SpringApplication.refresh(SpringApplication.java:734)
	at org.springframework.boot.SpringApplication.refreshContext(SpringApplication.java:408)
	at org.springframework.boot.SpringApplication.run(SpringApplication.java:308)
	at org.springframework.boot.SpringApplication.run(SpringApplication.java:1306)
	at org.springframework.boot.SpringApplication.run(SpringApplication.java:1295)
	at ai.openfabric.api.Application.main(Application.java:13)
Caused by: liquibase.exception.LiquibaseException: liquibase.exception.MigrationFailedException: Migration failed for changeset db/changelog/table-schema.xml::WO_01::andrei:
     Reason: liquibase.exception.DatabaseException: ERROR: relation "worker" already exists [Failed SQL: (0) CREATE TABLE public.worker (id CHAR(36) DEFAULT uuid_generate_v4() NOT NULL, name VARCHAR(255), created_at TIMESTAMP WITHOUT TIME ZONE, updated_at TIMESTAMP WITHOUT TIME ZONE, deleted_at TIMESTAMP WITHOUT TIME ZONE, CONSTRAINT worker_pkey PRIMARY KEY (id))]
	at liquibase.changelog.ChangeLogIterator.run(ChangeLogIterator.java:126)
	at liquibase.Liquibase.lambda$null$0(Liquibase.java:291)
	at liquibase.Scope.lambda$child$0(Scope.java:180)
	at liquibase.Scope.child(Scope.java:189)
	at liquibase.Scope.child(Scope.java:179)
	at liquibase.Scope.child(Scope.java:158)
	at liquibase.Scope.child(Scope.java:243)
	at liquibase.Liquibase.lambda$update$1(Liquibase.java:290)
	at liquibase.Scope.lambda$child$0(Scope.java:180)
	at liquibase.Scope.child(Scope.java:189)
	at liquibase.Scope.child(Scope.java:179)
	at liquibase.Scope.child(Scope.java:158)
	at liquibase.Liquibase.runInScope(Liquibase.java:2447)
	at liquibase.Liquibase.update(Liquibase.java:236)
	at liquibase.Liquibase.update(Liquibase.java:221)
	at liquibase.integration.spring.SpringLiquibase.performUpdate(SpringLiquibase.java:328)
	at liquibase.integration.spring.SpringLiquibase.afterPropertiesSet(SpringLiquibase.java:283)
	at org.springframework.beans.factory.support.AbstractAutowireCapableBeanFactory.invokeInitMethods(AbstractAutowireCapableBeanFactory.java:1863)
	at org.springframework.beans.factory.support.AbstractAutowireCapableBeanFactory.initializeBean(AbstractAutowireCapableBeanFactory.java:1800)
	... 18 common frames omitted
Caused by: liquibase.exception.MigrationFailedException: Migration failed for changeset db/changelog/table-schema.xml::WO_01::andrei:
     Reason: liquibase.exception.DatabaseException: ERROR: relation "worker" already exists [Failed SQL: (0) CREATE TABLE public.worker (id CHAR(36) DEFAULT uuid_generate_v4() NOT NULL, name VARCHAR(255), created_at TIMESTAMP WITHOUT TIME ZONE, updated_at TIMESTAMP WITHOUT TIME ZONE, deleted_at TIMESTAMP WITHOUT TIME ZONE, CONSTRAINT worker_pkey PRIMARY KEY (id))]
	at liquibase.changelog.ChangeSet.execute(ChangeSet.java:714)
	at liquibase.changelog.visitor.UpdateVisitor.visit(UpdateVisitor.java:56)
	at liquibase.changelog.ChangeLogIterator$2.lambda$null$0(ChangeLogIterator.java:113)
	at liquibase.Scope.lambda$child$0(Scope.java:180)
	at liquibase.Scope.child(Scope.java:189)
	at liquibase.Scope.child(Scope.java:179)
	at liquibase.Scope.child(Scope.java:158)
	at liquibase.changelog.ChangeLogIterator$2.lambda$run$1(ChangeLogIterator.java:112)
	at liquibase.Scope.lambda$child$0(Scope.java:180)
	at liquibase.Scope.child(Scope.java:189)
	at liquibase.Scope.child(Scope.java:179)
	at liquibase.Scope.child(Scope.java:158)
	at liquibase.Scope.child(Scope.java:243)
	at liquibase.changelog.ChangeLogIterator$2.run(ChangeLogIterator.java:93)
	at liquibase.Scope.lambda$child$0(Scope.java:180)
	at liquibase.Scope.child(Scope.java:189)
	at liquibase.Scope.child(Scope.java:179)
	at liquibase.Scope.child(Scope.java:158)
	at liquibase.Scope.child(Scope.java:243)
	at liquibase.Scope.child(Scope.java:247)
	at liquibase.changelog.ChangeLogIterator.run(ChangeLogIterator.java:65)
	... 36 common frames omitted
Caused by: liquibase.exception.DatabaseException: ERROR: relation "worker" already exists [Failed SQL: (0) CREATE TABLE public.worker (id CHAR(36) DEFAULT uuid_generate_v4() NOT NULL, name VARCHAR(255), created_at TIMESTAMP WITHOUT TIME ZONE, updated_at TIMESTAMP WITHOUT TIME ZONE, deleted_at TIMESTAMP WITHOUT TIME ZONE, CONSTRAINT worker_pkey PRIMARY KEY (id))]
	at liquibase.executor.jvm.JdbcExecutor$ExecuteStatementCallback.doInStatement(JdbcExecutor.java:447)
	at liquibase.executor.jvm.JdbcExecutor.execute(JdbcExecutor.java:78)
	at liquibase.executor.jvm.JdbcExecutor.execute(JdbcExecutor.java:161)
	at liquibase.database.AbstractJdbcDatabase.execute(AbstractJdbcDatabase.java:1270)
	at liquibase.database.AbstractJdbcDatabase.executeStatements(AbstractJdbcDatabase.java:1252)
	at liquibase.changelog.ChangeSet.execute(ChangeSet.java:679)
	... 56 common frames omitted
Caused by: org.postgresql.util.PSQLException: ERROR: relation "worker" already exists
	at org.postgresql.core.v3.QueryExecutorImpl.receiveErrorResponse(QueryExecutorImpl.java:2676)
	at org.postgresql.core.v3.QueryExecutorImpl.processResults(QueryExecutorImpl.java:2366)
	at org.postgresql.core.v3.QueryExecutorImpl.execute(QueryExecutorImpl.java:356)
	at org.postgresql.jdbc.PgStatement.executeInternal(PgStatement.java:496)
	at org.postgresql.jdbc.PgStatement.execute(PgStatement.java:413)
	at org.postgresql.jdbc.PgStatement.executeWithFlags(PgStatement.java:333)
	at org.postgresql.jdbc.PgStatement.executeCachedSql(PgStatement.java:319)
	at org.postgresql.jdbc.PgStatement.executeWithFlags(PgStatement.java:295)
	at org.postgresql.jdbc.PgStatement.execute(PgStatement.java:290)
	at com.zaxxer.hikari.pool.ProxyStatement.execute(ProxyStatement.java:94)
	at com.zaxxer.hikari.pool.HikariProxyStatement.execute(HikariProxyStatement.java)
	at liquibase.executor.jvm.JdbcExecutor$ExecuteStatementCallback.doInStatement(JdbcExecutor.java:443)
	... 61 common frames omitted
12-05-2023 05:54:46.165 [main] INFO  m.p.s.DotenvPropertySource.addToEnvironment - Initializing Dotenv with DotenvConfig{directory=null, filename=null, ignoreIfMalformed=false, ignoreIfMissing=true, systemProperties=false, prefix=null}
12-05-2023 05:54:46.185 [main] INFO  ai.openfabric.api.Application.logStarting - Starting Application using Java 17.0.5 on DESKTOP-1GRCG39 with PID 20840 (C:\Users\johnn\Downloads\openfabric-test\openfabric-api\bin\main started by johnn in C:\Users\johnn\Downloads\openfabric-test\openfabric-api)
12-05-2023 05:54:46.187 [main] INFO  ai.openfabric.api.Application.logStartupProfileInfo - The following 2 profiles are active: "base", "local"
12-05-2023 05:54:47.065 [main] INFO  o.s.d.r.c.RepositoryConfigurationDelegate.registerRepositoriesIn - Bootstrapping Spring Data JPA repositories in DEFAULT mode.
12-05-2023 05:54:47.123 [main] INFO  o.s.d.r.c.RepositoryConfigurationDelegate.registerRepositoriesIn - Finished Spring Data repository scanning in 48 ms. Found 1 JPA repository interfaces.
12-05-2023 05:54:47.903 [main] INFO  o.s.b.w.e.tomcat.TomcatWebServer.initialize - Tomcat initialized with port(s): 8080 (http)
12-05-2023 05:54:47.905 [main] INFO  o.a.c.core.AprLifecycleListener.log - Loaded Apache Tomcat Native library [1.2.35] using APR version [1.7.0].
12-05-2023 05:54:47.906 [main] INFO  o.a.c.core.AprLifecycleListener.log - APR capabilities: IPv6 [true], sendfile [true], accept filters [false], random [true], UDS [true].
12-05-2023 05:54:47.906 [main] INFO  o.a.c.core.AprLifecycleListener.log - APR/OpenSSL configuration: useAprConnector [false], useOpenSSL [true]
12-05-2023 05:54:47.912 [main] INFO  o.a.c.core.AprLifecycleListener.log - OpenSSL successfully initialized [OpenSSL 1.1.1q  5 Jul 2022]
12-05-2023 05:54:47.922 [main] INFO  o.a.coyote.http11.Http11NioProtocol.log - Initializing ProtocolHandler ["http-nio-8080"]
12-05-2023 05:54:47.923 [main] INFO  o.a.catalina.core.StandardService.log - Starting service [Tomcat]
12-05-2023 05:54:47.924 [main] INFO  o.a.catalina.core.StandardEngine.log - Starting Servlet engine: [Apache Tomcat/9.0.68]
12-05-2023 05:54:48.059 [main] INFO  o.a.c.c.C.[Tomcat].[localhost].[/].log - Initializing Spring embedded WebApplicationContext
12-05-2023 05:54:48.060 [main] INFO  o.s.b.w.s.c.ServletWebServerApplicationContext.prepareWebApplicationContext - Root WebApplicationContext: initialization completed in 1813 ms
12-05-2023 05:54:48.223 [main] INFO  com.zaxxer.hikari.HikariDataSource.getConnection - HikariPool-1 - Starting...
12-05-2023 05:54:48.402 [main] INFO  com.zaxxer.hikari.HikariDataSource.getConnection - HikariPool-1 - Start completed.
12-05-2023 05:54:48.541 [main] INFO  liquibase.database.log - Set default schema name to public
12-05-2023 05:54:48.652 [main] INFO  liquibase.lockservice.log - Successfully acquired change log lock
12-05-2023 05:54:48.989 [main] INFO  liquibase.changelog.log - Reading from public.databasechangelog
12-05-2023 05:54:49.115 [main] INFO  liquibase.changelog.log - Table worker created
12-05-2023 05:54:49.119 [main] INFO  liquibase.changelog.log - ChangeSet db/changelog/table-schema.xml::WO_01::andrei ran successfully in 36ms
12-05-2023 05:54:49.135 [main] INFO  liquibase.lockservice.log - Successfully released change log lock
12-05-2023 05:54:49.279 [main] INFO  o.h.jpa.internal.util.LogHelper.logPersistenceUnitInformation - HHH000204: Processing PersistenceUnitInfo [name: default]
12-05-2023 05:54:49.358 [main] INFO  org.hibernate.Version.logVersion - HHH000412: Hibernate ORM core version 5.6.12.Final
12-05-2023 05:54:49.587 [main] INFO  o.h.annotations.common.Version.<clinit> - HCANN000001: Hibernate Commons Annotations {5.1.2.Final}
12-05-2023 05:54:49.721 [main] INFO  org.hibernate.dialect.Dialect.<init> - HHH000400: Using dialect: org.hibernate.dialect.PostgreSQLDialect
12-05-2023 05:54:50.226 [main] INFO  o.h.e.t.j.p.i.JtaPlatformInitiator.initiateService - HHH000490: Using JtaPlatform implementation: [org.hibernate.engine.transaction.jta.platform.internal.NoJtaPlatform]
12-05-2023 05:54:50.234 [main] INFO  o.s.o.j.LocalContainerEntityManagerFactoryBean.buildNativeEntityManagerFactory - Initialized JPA EntityManagerFactory for persistence unit 'default'
12-05-2023 05:54:50.257 [main] WARN  o.s.b.a.o.j.JpaBaseConfiguration$JpaWebConfiguration.openEntityManagerInViewInterceptor - spring.jpa.open-in-view is enabled by default. Therefore, database queries may be performed during view rendering. Explicitly configure spring.jpa.open-in-view to disable this warning
12-05-2023 05:54:52.768 [main] INFO  com.yahoo.elide.Elide.registerCustomSerde - Registering serde for type : class java.time.OffsetDateTime
12-05-2023 05:54:52.769 [main] INFO  com.yahoo.elide.Elide.registerCustomSerde - Registering serde for type : class java.time.Instant
12-05-2023 05:54:52.916 [main] WARN  o.s.b.a.s.s.UserDetailsServiceAutoConfiguration.getOrDeducePassword - 

Using generated security password: 26ac59f5-7aba-4b52-bbfa-e01dd40ccf3b

This generated password is for development use only. Your security configuration must be updated before running your application in production.

12-05-2023 05:54:53.011 [main] INFO  o.s.s.web.DefaultSecurityFilterChain.<init> - Will secure any request with [org.springframework.security.web.session.DisableEncodeUrlFilter@1a4340f2, org.springframework.security.web.context.request.async.WebAsyncManagerIntegrationFilter@56a63c28, org.springframework.security.web.context.SecurityContextPersistenceFilter@4c020e58, org.springframework.security.web.header.HeaderWriterFilter@219c10c2, org.springframework.web.filter.CorsFilter@5908e6d6, org.springframework.security.web.authentication.logout.LogoutFilter@70a26eca, org.springframework.security.web.savedrequest.RequestCacheAwareFilter@3ce2c454, org.springframework.security.web.servletapi.SecurityContextHolderAwareRequestFilter@7f478529, org.springframework.security.web.authentication.AnonymousAuthenticationFilter@3b6098fd, org.springframework.security.web.session.SessionManagementFilter@788a7567, org.springframework.security.web.access.ExceptionTranslationFilter@b89cbf9, org.springframework.security.web.access.intercept.FilterSecurityInterceptor@4c2812aa]
12-05-2023 05:54:53.376 [main] WARN  o.s.b.a.t.ThymeleafAutoConfiguration$DefaultTemplateResolverConfiguration.checkTemplateLocationExists - Cannot find template location: classpath:/templates/ (please add some templates, check your Thymeleaf configuration, or set spring.thymeleaf.check-template-location=false)
12-05-2023 05:54:53.449 [main] INFO  o.a.coyote.http11.Http11NioProtocol.log - Starting ProtocolHandler ["http-nio-8080"]
12-05-2023 05:54:53.478 [main] INFO  o.s.b.w.e.tomcat.TomcatWebServer.start - Tomcat started on port(s): 8080 (http) with context path ''
12-05-2023 05:54:53.607 [main] INFO  ai.openfabric.api.Application.logStarted - Started Application in 7.833 seconds (JVM running for 8.541)
12-05-2023 05:55:12.269 [http-nio-8080-exec-1] INFO  o.a.c.c.C.[Tomcat].[localhost].[/].log - Initializing Spring DispatcherServlet 'dispatcherServlet'
12-05-2023 05:55:12.269 [http-nio-8080-exec-1] INFO  o.s.web.servlet.DispatcherServlet.initServletBean - Initializing Servlet 'dispatcherServlet'
12-05-2023 05:55:12.271 [http-nio-8080-exec-1] INFO  o.s.web.servlet.DispatcherServlet.initServletBean - Completed initialization in 1 ms
12-05-2023 05:55:56.347 [http-nio-8080-exec-8] WARN  o.s.w.s.m.s.DefaultHandlerExceptionResolver.logException - Resolved [org.springframework.http.converter.HttpMessageNotReadableException: Required request body is missing: public java.lang.String ai.openfabric.api.controller.WorkerController.hello(java.lang.String)]
12-05-2023 06:01:04.674 [main] INFO  m.p.s.DotenvPropertySource.addToEnvironment - Initializing Dotenv with DotenvConfig{directory=null, filename=null, ignoreIfMalformed=false, ignoreIfMissing=true, systemProperties=false, prefix=null}
12-05-2023 06:01:04.697 [main] INFO  ai.openfabric.api.Application.logStarting - Starting Application using Java 17.0.5 on DESKTOP-1GRCG39 with PID 7888 (C:\Users\johnn\Downloads\openfabric-test\openfabric-api\bin\main started by johnn in C:\Users\johnn\Downloads\openfabric-test\openfabric-api)
12-05-2023 06:01:04.699 [main] INFO  ai.openfabric.api.Application.logStartupProfileInfo - The following 2 profiles are active: "base", "local"
12-05-2023 06:01:05.551 [main] INFO  o.s.d.r.c.RepositoryConfigurationDelegate.registerRepositoriesIn - Bootstrapping Spring Data JPA repositories in DEFAULT mode.
12-05-2023 06:01:05.601 [main] INFO  o.s.d.r.c.RepositoryConfigurationDelegate.registerRepositoriesIn - Finished Spring Data repository scanning in 41 ms. Found 1 JPA repository interfaces.
12-05-2023 06:01:06.414 [main] INFO  o.s.b.w.e.tomcat.TomcatWebServer.initialize - Tomcat initialized with port(s): 8080 (http)
12-05-2023 06:01:06.415 [main] INFO  o.a.c.core.AprLifecycleListener.log - Loaded Apache Tomcat Native library [1.2.35] using APR version [1.7.0].
12-05-2023 06:01:06.416 [main] INFO  o.a.c.core.AprLifecycleListener.log - APR capabilities: IPv6 [true], sendfile [true], accept filters [false], random [true], UDS [true].
12-05-2023 06:01:06.416 [main] INFO  o.a.c.core.AprLifecycleListener.log - APR/OpenSSL configuration: useAprConnector [false], useOpenSSL [true]
12-05-2023 06:01:06.420 [main] INFO  o.a.c.core.AprLifecycleListener.log - OpenSSL successfully initialized [OpenSSL 1.1.1q  5 Jul 2022]
12-05-2023 06:01:06.430 [main] INFO  o.a.coyote.http11.Http11NioProtocol.log - Initializing ProtocolHandler ["http-nio-8080"]
12-05-2023 06:01:06.431 [main] INFO  o.a.catalina.core.StandardService.log - Starting service [Tomcat]
12-05-2023 06:01:06.431 [main] INFO  o.a.catalina.core.StandardEngine.log - Starting Servlet engine: [Apache Tomcat/9.0.68]
12-05-2023 06:01:06.566 [main] INFO  o.a.c.c.C.[Tomcat].[localhost].[/].log - Initializing Spring embedded WebApplicationContext
12-05-2023 06:01:06.568 [main] INFO  o.s.b.w.s.c.ServletWebServerApplicationContext.prepareWebApplicationContext - Root WebApplicationContext: initialization completed in 1789 ms
12-05-2023 06:01:06.715 [main] INFO  com.zaxxer.hikari.HikariDataSource.getConnection - HikariPool-1 - Starting...
12-05-2023 06:01:06.889 [main] INFO  com.zaxxer.hikari.HikariDataSource.getConnection - HikariPool-1 - Start completed.
12-05-2023 06:01:07.041 [main] INFO  liquibase.database.log - Set default schema name to public
12-05-2023 06:01:07.147 [main] INFO  liquibase.lockservice.log - Successfully acquired change log lock
12-05-2023 06:01:07.499 [main] INFO  liquibase.changelog.log - Reading from public.databasechangelog
12-05-2023 06:01:07.575 [main] INFO  liquibase.lockservice.log - Successfully released change log lock
12-05-2023 06:01:07.695 [main] INFO  o.h.jpa.internal.util.LogHelper.logPersistenceUnitInformation - HHH000204: Processing PersistenceUnitInfo [name: default]
12-05-2023 06:01:07.748 [main] INFO  org.hibernate.Version.logVersion - HHH000412: Hibernate ORM core version 5.6.12.Final
12-05-2023 06:01:07.918 [main] INFO  o.h.annotations.common.Version.<clinit> - HCANN000001: Hibernate Commons Annotations {5.1.2.Final}
12-05-2023 06:01:08.030 [main] INFO  org.hibernate.dialect.Dialect.<init> - HHH000400: Using dialect: org.hibernate.dialect.PostgreSQLDialect
12-05-2023 06:01:08.442 [main] INFO  o.h.e.t.j.p.i.JtaPlatformInitiator.initiateService - HHH000490: Using JtaPlatform implementation: [org.hibernate.engine.transaction.jta.platform.internal.NoJtaPlatform]
12-05-2023 06:01:08.450 [main] INFO  o.s.o.j.LocalContainerEntityManagerFactoryBean.buildNativeEntityManagerFactory - Initialized JPA EntityManagerFactory for persistence unit 'default'
12-05-2023 06:01:08.476 [main] WARN  o.s.b.a.o.j.JpaBaseConfiguration$JpaWebConfiguration.openEntityManagerInViewInterceptor - spring.jpa.open-in-view is enabled by default. Therefore, database queries may be performed during view rendering. Explicitly configure spring.jpa.open-in-view to disable this warning
12-05-2023 06:01:10.803 [main] INFO  com.yahoo.elide.Elide.registerCustomSerde - Registering serde for type : class java.time.Instant
12-05-2023 06:01:10.804 [main] INFO  com.yahoo.elide.Elide.registerCustomSerde - Registering serde for type : class java.time.OffsetDateTime
12-05-2023 06:01:10.958 [main] WARN  o.s.b.a.s.s.UserDetailsServiceAutoConfiguration.getOrDeducePassword - 

Using generated security password: 4f26d8d7-da2d-43de-bc26-a3a3640373a1

This generated password is for development use only. Your security configuration must be updated before running your application in production.

12-05-2023 06:01:11.044 [main] INFO  o.s.s.web.DefaultSecurityFilterChain.<init> - Will secure any request with [org.springframework.security.web.session.DisableEncodeUrlFilter@2cf6dd4d, org.springframework.security.web.context.request.async.WebAsyncManagerIntegrationFilter@75381b61, org.springframework.security.web.context.SecurityContextPersistenceFilter@6f5d292c, org.springframework.security.web.header.HeaderWriterFilter@77c41838, org.springframework.web.filter.CorsFilter@5908e6d6, org.springframework.security.web.authentication.logout.LogoutFilter@3feeab43, org.springframework.security.web.savedrequest.RequestCacheAwareFilter@524241d9, org.springframework.security.web.servletapi.SecurityContextHolderAwareRequestFilter@1d9295e2, org.springframework.security.web.authentication.AnonymousAuthenticationFilter@2801ccb3, org.springframework.security.web.session.SessionManagementFilter@27de9336, org.springframework.security.web.access.ExceptionTranslationFilter@79122f5f, org.springframework.security.web.access.intercept.FilterSecurityInterceptor@6acdca3a]
12-05-2023 06:01:11.361 [main] WARN  o.s.b.a.t.ThymeleafAutoConfiguration$DefaultTemplateResolverConfiguration.checkTemplateLocationExists - Cannot find template location: classpath:/templates/ (please add some templates, check your Thymeleaf configuration, or set spring.thymeleaf.check-template-location=false)
12-05-2023 06:01:11.413 [main] INFO  o.a.coyote.http11.Http11NioProtocol.log - Starting ProtocolHandler ["http-nio-8080"]
12-05-2023 06:01:11.436 [main] INFO  o.s.b.w.e.tomcat.TomcatWebServer.start - Tomcat started on port(s): 8080 (http) with context path ''
12-05-2023 06:01:11.574 [main] INFO  ai.openfabric.api.Application.logStarted - Started Application in 7.259 seconds (JVM running for 7.893)
12-05-2023 06:01:44.777 [http-nio-8080-exec-1] INFO  o.a.c.c.C.[Tomcat].[localhost].[/].log - Initializing Spring DispatcherServlet 'dispatcherServlet'
12-05-2023 06:01:44.778 [http-nio-8080-exec-1] INFO  o.s.web.servlet.DispatcherServlet.initServletBean - Initializing Servlet 'dispatcherServlet'
12-05-2023 06:01:44.779 [http-nio-8080-exec-1] INFO  o.s.web.servlet.DispatcherServlet.initServletBean - Completed initialization in 1 ms
